INFO - 2023-11-06 07:29:21 --> Session: Class initialized using 'CodeIgniter\Session\Handlers\FileHandler' driver.
INFO - 2023-11-06 07:29:39 --> Session: Class initialized using 'CodeIgniter\Session\Handlers\FileHandler' driver.
INFO - 2023-11-06 07:31:51 --> Session: Class initialized using 'CodeIgniter\Session\Handlers\FileHandler' driver.
CRITICAL - 2023-11-06 07:31:51 --> Invalid file: "login.php"
in SYSTEMPATH/Exceptions/FrameworkException.php on line 39.
 1 SYSTEMPATH/View/View.php(216): CodeIgniter\Exceptions\FrameworkException::forInvalidFile()
 2 SYSTEMPATH/Common.php(1190): CodeIgniter\View\View->render()
 3 APPPATH/Controllers/User.php(12): view()
 4 SYSTEMPATH/CodeIgniter.php(942): App\Controllers\User->login()
 5 SYSTEMPATH/CodeIgniter.php(502): CodeIgniter\CodeIgniter->runController()
 6 SYSTEMPATH/CodeIgniter.php(361): CodeIgniter\CodeIgniter->handleRequest()
 7 FCPATH/index.php(80): CodeIgniter\CodeIgniter->run()
CRITICAL - 2023-11-06 07:34:34 --> Invalid file: "login.php"
in SYSTEMPATH/Exceptions/FrameworkException.php on line 39.
 1 SYSTEMPATH/View/View.php(216): CodeIgniter\Exceptions\FrameworkException::forInvalidFile()
 2 SYSTEMPATH/Common.php(1190): CodeIgniter\View\View->render()
 3 APPPATH/Controllers/User.php(12): view()
 4 SYSTEMPATH/CodeIgniter.php(942): App\Controllers\User->login()
 5 SYSTEMPATH/CodeIgniter.php(502): CodeIgniter\CodeIgniter->runController()
 6 SYSTEMPATH/CodeIgniter.php(361): CodeIgniter\CodeIgniter->handleRequest()
 7 FCPATH/index.php(80): CodeIgniter\CodeIgniter->run()
CRITICAL - 2023-11-06 07:34:43 --> Invalid file: "user/login.php"
in SYSTEMPATH/Exceptions/FrameworkException.php on line 39.
 1 SYSTEMPATH/View/View.php(216): CodeIgniter\Exceptions\FrameworkException::forInvalidFile()
 2 SYSTEMPATH/Common.php(1190): CodeIgniter\View\View->render()
 3 APPPATH/Controllers/User.php(12): view()
 4 SYSTEMPATH/CodeIgniter.php(942): App\Controllers\User->login()
 5 SYSTEMPATH/CodeIgniter.php(502): CodeIgniter\CodeIgniter->runController()
 6 SYSTEMPATH/CodeIgniter.php(361): CodeIgniter\CodeIgniter->handleRequest()
 7 FCPATH/index.php(80): CodeIgniter\CodeIgniter->run()
CRITICAL - 2023-11-06 07:34:52 --> Invalid file: "users\login.php"
in SYSTEMPATH/Exceptions/FrameworkException.php on line 39.
 1 SYSTEMPATH/View/View.php(216): CodeIgniter\Exceptions\FrameworkException::forInvalidFile()
 2 SYSTEMPATH/Common.php(1190): CodeIgniter\View\View->render()
 3 APPPATH/Controllers/User.php(12): view()
 4 SYSTEMPATH/CodeIgniter.php(942): App\Controllers\User->login()
 5 SYSTEMPATH/CodeIgniter.php(502): CodeIgniter\CodeIgniter->runController()
 6 SYSTEMPATH/CodeIgniter.php(361): CodeIgniter\CodeIgniter->handleRequest()
 7 FCPATH/index.php(80): CodeIgniter\CodeIgniter->run()
CRITICAL - 2023-11-06 07:41:04 --> Use of undefined constant WEBROOT - assumed 'WEBROOT' (this will throw an Error in a future version of PHP)
in APPPATH/Views/users/login.php on line 14.
 1 APPPATH/Views/users/login.php(14): CodeIgniter\Debug\Exceptions->errorHandler()
 2 SYSTEMPATH/View/View.php(228): include('/var/www/html/projectCms/app/Views/users/login.php')
 3 SYSTEMPATH/View/View.php(231): CodeIgniter\View\View->CodeIgniter\View\{closure}()
 4 SYSTEMPATH/Common.php(1190): CodeIgniter\View\View->render()
 5 APPPATH/Controllers/User.php(15): view()
 6 SYSTEMPATH/CodeIgniter.php(942): App\Controllers\User->login()
 7 SYSTEMPATH/CodeIgniter.php(502): CodeIgniter\CodeIgniter->runController()
 8 SYSTEMPATH/CodeIgniter.php(361): CodeIgniter\CodeIgniter->handleRequest()
 9 FCPATH/index.php(80): CodeIgniter\CodeIgniter->run()
CRITICAL - 2023-11-06 07:43:40 --> The action you requested is not allowed.
in SYSTEMPATH/Security/Security.php on line 300.
 1 SYSTEMPATH/Security/Security.php(300): CodeIgniter\Security\Exceptions\SecurityException::forDisallowedAction()
 2 SYSTEMPATH/Filters/CSRF.php(56): CodeIgniter\Security\Security->verify()
 3 SYSTEMPATH/Filters/Filters.php(186): CodeIgniter\Filters\CSRF->before()
 4 SYSTEMPATH/CodeIgniter.php(474): CodeIgniter\Filters\Filters->run()
 5 SYSTEMPATH/CodeIgniter.php(361): CodeIgniter\CodeIgniter->handleRequest()
 6 FCPATH/index.php(80): CodeIgniter\CodeIgniter->run()
CRITICAL - 2023-11-06 07:44:24 --> The action you requested is not allowed.
in SYSTEMPATH/Security/Security.php on line 300.
 1 SYSTEMPATH/Security/Security.php(300): CodeIgniter\Security\Exceptions\SecurityException::forDisallowedAction()
 2 SYSTEMPATH/Filters/CSRF.php(56): CodeIgniter\Security\Security->verify()
 3 SYSTEMPATH/Filters/Filters.php(186): CodeIgniter\Filters\CSRF->before()
 4 SYSTEMPATH/CodeIgniter.php(474): CodeIgniter\Filters\Filters->run()
 5 SYSTEMPATH/CodeIgniter.php(361): CodeIgniter\CodeIgniter->handleRequest()
 6 FCPATH/index.php(80): CodeIgniter\CodeIgniter->run()
CRITICAL - 2023-11-06 07:44:33 --> The action you requested is not allowed.
in SYSTEMPATH/Security/Security.php on line 300.
 1 SYSTEMPATH/Security/Security.php(300): CodeIgniter\Security\Exceptions\SecurityException::forDisallowedAction()
 2 SYSTEMPATH/Filters/CSRF.php(56): CodeIgniter\Security\Security->verify()
 3 SYSTEMPATH/Filters/Filters.php(186): CodeIgniter\Filters\CSRF->before()
 4 SYSTEMPATH/CodeIgniter.php(474): CodeIgniter\Filters\Filters->run()
 5 SYSTEMPATH/CodeIgniter.php(361): CodeIgniter\CodeIgniter->handleRequest()
 6 FCPATH/index.php(80): CodeIgniter\CodeIgniter->run()
INFO - 2023-11-06 07:46:37 --> CSRF token verified.
INFO - 2023-11-06 07:46:54 --> CSRF token verified.
CRITICAL - 2023-11-06 07:46:59 --> The action you requested is not allowed.
in SYSTEMPATH/Security/Security.php on line 300.
 1 SYSTEMPATH/Security/Security.php(300): CodeIgniter\Security\Exceptions\SecurityException::forDisallowedAction()
 2 SYSTEMPATH/Filters/CSRF.php(56): CodeIgniter\Security\Security->verify()
 3 SYSTEMPATH/Filters/Filters.php(186): CodeIgniter\Filters\CSRF->before()
 4 SYSTEMPATH/CodeIgniter.php(474): CodeIgniter\Filters\Filters->run()
 5 SYSTEMPATH/CodeIgniter.php(361): CodeIgniter\CodeIgniter->handleRequest()
 6 FCPATH/index.php(80): CodeIgniter\CodeIgniter->run()
CRITICAL - 2023-11-06 07:48:50 --> The action you requested is not allowed.
in SYSTEMPATH/Security/Security.php on line 300.
 1 SYSTEMPATH/Security/Security.php(300): CodeIgniter\Security\Exceptions\SecurityException::forDisallowedAction()
 2 SYSTEMPATH/Filters/CSRF.php(56): CodeIgniter\Security\Security->verify()
 3 SYSTEMPATH/Filters/Filters.php(186): CodeIgniter\Filters\CSRF->before()
 4 SYSTEMPATH/CodeIgniter.php(474): CodeIgniter\Filters\Filters->run()
 5 SYSTEMPATH/CodeIgniter.php(361): CodeIgniter\CodeIgniter->handleRequest()
 6 FCPATH/index.php(80): CodeIgniter\CodeIgniter->run()
INFO - 2023-11-06 07:48:56 --> CSRF token verified.
CRITICAL - 2023-11-06 07:48:56 --> Undefined variable: post
in APPPATH/Controllers/User.php on line 23.
 1 APPPATH/Controllers/User.php(23): CodeIgniter\Debug\Exceptions->errorHandler()
 2 SYSTEMPATH/CodeIgniter.php(942): App\Controllers\User->loginSubmit()
 3 SYSTEMPATH/CodeIgniter.php(502): CodeIgniter\CodeIgniter->runController()
 4 SYSTEMPATH/CodeIgniter.php(361): CodeIgniter\CodeIgniter->handleRequest()
 5 FCPATH/index.php(80): CodeIgniter\CodeIgniter->run()
INFO - 2023-11-06 07:54:27 --> CSRF token verified.
CRITICAL - 2023-11-06 07:54:27 --> Too few arguments to function App\Controllers\User::loginSubmit(), 0 passed in /var/www/html/projectCms/system/CodeIgniter.php on line 942 and exactly 1 expected
in APPPATH/Controllers/User.php on line 23.
 1 SYSTEMPATH/CodeIgniter.php(942): App\Controllers\User->loginSubmit()
 2 SYSTEMPATH/CodeIgniter.php(502): CodeIgniter\CodeIgniter->runController()
 3 SYSTEMPATH/CodeIgniter.php(361): CodeIgniter\CodeIgniter->handleRequest()
 4 FCPATH/index.php(80): CodeIgniter\CodeIgniter->run()
INFO - 2023-11-06 07:55:55 --> CSRF token verified.
CRITICAL - 2023-11-06 07:55:55 --> Undefined property: CodeIgniter\HTTP\IncomingRequest::$getPost
in APPPATH/Controllers/User.php on line 26.
 1 APPPATH/Controllers/User.php(26): CodeIgniter\Debug\Exceptions->errorHandler()
 2 SYSTEMPATH/CodeIgniter.php(942): App\Controllers\User->loginSubmit()
 3 SYSTEMPATH/CodeIgniter.php(502): CodeIgniter\CodeIgniter->runController()
 4 SYSTEMPATH/CodeIgniter.php(361): CodeIgniter\CodeIgniter->handleRequest()
 5 FCPATH/index.php(80): CodeIgniter\CodeIgniter->run()
INFO - 2023-11-06 07:56:12 --> CSRF token verified.
CRITICAL - 2023-11-06 07:57:08 --> The action you requested is not allowed.
in SYSTEMPATH/Security/Security.php on line 300.
 1 SYSTEMPATH/Security/Security.php(300): CodeIgniter\Security\Exceptions\SecurityException::forDisallowedAction()
 2 SYSTEMPATH/Filters/CSRF.php(56): CodeIgniter\Security\Security->verify()
 3 SYSTEMPATH/Filters/Filters.php(186): CodeIgniter\Filters\CSRF->before()
 4 SYSTEMPATH/CodeIgniter.php(474): CodeIgniter\Filters\Filters->run()
 5 SYSTEMPATH/CodeIgniter.php(361): CodeIgniter\CodeIgniter->handleRequest()
 6 FCPATH/index.php(80): CodeIgniter\CodeIgniter->run()
INFO - 2023-11-06 07:57:15 --> CSRF token verified.
CRITICAL - 2023-11-06 07:57:41 --> The action you requested is not allowed.
in SYSTEMPATH/Security/Security.php on line 300.
 1 SYSTEMPATH/Security/Security.php(300): CodeIgniter\Security\Exceptions\SecurityException::forDisallowedAction()
 2 SYSTEMPATH/Filters/CSRF.php(56): CodeIgniter\Security\Security->verify()
 3 SYSTEMPATH/Filters/Filters.php(186): CodeIgniter\Filters\CSRF->before()
 4 SYSTEMPATH/CodeIgniter.php(474): CodeIgniter\Filters\Filters->run()
 5 SYSTEMPATH/CodeIgniter.php(361): CodeIgniter\CodeIgniter->handleRequest()
 6 FCPATH/index.php(80): CodeIgniter\CodeIgniter->run()
INFO - 2023-11-06 07:57:51 --> CSRF token verified.
CRITICAL - 2023-11-06 07:58:06 --> The action you requested is not allowed.
in SYSTEMPATH/Security/Security.php on line 300.
 1 SYSTEMPATH/Security/Security.php(300): CodeIgniter\Security\Exceptions\SecurityException::forDisallowedAction()
 2 SYSTEMPATH/Filters/CSRF.php(56): CodeIgniter\Security\Security->verify()
 3 SYSTEMPATH/Filters/Filters.php(186): CodeIgniter\Filters\CSRF->before()
 4 SYSTEMPATH/CodeIgniter.php(474): CodeIgniter\Filters\Filters->run()
 5 SYSTEMPATH/CodeIgniter.php(361): CodeIgniter\CodeIgniter->handleRequest()
 6 FCPATH/index.php(80): CodeIgniter\CodeIgniter->run()
CRITICAL - 2023-11-06 07:58:16 --> The action you requested is not allowed.
in SYSTEMPATH/Security/Security.php on line 300.
 1 SYSTEMPATH/Security/Security.php(300): CodeIgniter\Security\Exceptions\SecurityException::forDisallowedAction()
 2 SYSTEMPATH/Filters/CSRF.php(56): CodeIgniter\Security\Security->verify()
 3 SYSTEMPATH/Filters/Filters.php(186): CodeIgniter\Filters\CSRF->before()
 4 SYSTEMPATH/CodeIgniter.php(474): CodeIgniter\Filters\Filters->run()
 5 SYSTEMPATH/CodeIgniter.php(361): CodeIgniter\CodeIgniter->handleRequest()
 6 FCPATH/index.php(80): CodeIgniter\CodeIgniter->run()
CRITICAL - 2023-11-06 07:58:24 --> The action you requested is not allowed.
in SYSTEMPATH/Security/Security.php on line 300.
 1 SYSTEMPATH/Security/Security.php(300): CodeIgniter\Security\Exceptions\SecurityException::forDisallowedAction()
 2 SYSTEMPATH/Filters/CSRF.php(56): CodeIgniter\Security\Security->verify()
 3 SYSTEMPATH/Filters/Filters.php(186): CodeIgniter\Filters\CSRF->before()
 4 SYSTEMPATH/CodeIgniter.php(474): CodeIgniter\Filters\Filters->run()
 5 SYSTEMPATH/CodeIgniter.php(361): CodeIgniter\CodeIgniter->handleRequest()
 6 FCPATH/index.php(80): CodeIgniter\CodeIgniter->run()
INFO - 2023-11-06 07:58:28 --> CSRF token verified.
INFO - 2023-11-06 08:00:09 --> CSRF token verified.
CRITICAL - 2023-11-06 08:01:15 --> The action you requested is not allowed.
in SYSTEMPATH/Security/Security.php on line 300.
 1 SYSTEMPATH/Security/Security.php(300): CodeIgniter\Security\Exceptions\SecurityException::forDisallowedAction()
 2 SYSTEMPATH/Filters/CSRF.php(56): CodeIgniter\Security\Security->verify()
 3 SYSTEMPATH/Filters/Filters.php(186): CodeIgniter\Filters\CSRF->before()
 4 SYSTEMPATH/CodeIgniter.php(474): CodeIgniter\Filters\Filters->run()
 5 SYSTEMPATH/CodeIgniter.php(361): CodeIgniter\CodeIgniter->handleRequest()
 6 FCPATH/index.php(80): CodeIgniter\CodeIgniter->run()
INFO - 2023-11-06 08:01:23 --> CSRF token verified.
INFO - 2023-11-06 08:01:25 --> CSRF token verified.
INFO - 2023-11-06 08:01:29 --> CSRF token verified.
CRITICAL - 2023-11-06 08:01:37 --> The action you requested is not allowed.
in SYSTEMPATH/Security/Security.php on line 300.
 1 SYSTEMPATH/Security/Security.php(300): CodeIgniter\Security\Exceptions\SecurityException::forDisallowedAction()
 2 SYSTEMPATH/Filters/CSRF.php(56): CodeIgniter\Security\Security->verify()
 3 SYSTEMPATH/Filters/Filters.php(186): CodeIgniter\Filters\CSRF->before()
 4 SYSTEMPATH/CodeIgniter.php(474): CodeIgniter\Filters\Filters->run()
 5 SYSTEMPATH/CodeIgniter.php(361): CodeIgniter\CodeIgniter->handleRequest()
 6 FCPATH/index.php(80): CodeIgniter\CodeIgniter->run()
CRITICAL - 2023-11-06 08:33:18 --> The action you requested is not allowed.
in SYSTEMPATH/Security/Security.php on line 300.
 1 SYSTEMPATH/Security/Security.php(300): CodeIgniter\Security\Exceptions\SecurityException::forDisallowedAction()
 2 SYSTEMPATH/Filters/CSRF.php(56): CodeIgniter\Security\Security->verify()
 3 SYSTEMPATH/Filters/Filters.php(186): CodeIgniter\Filters\CSRF->before()
 4 SYSTEMPATH/CodeIgniter.php(474): CodeIgniter\Filters\Filters->run()
 5 SYSTEMPATH/CodeIgniter.php(361): CodeIgniter\CodeIgniter->handleRequest()
 6 FCPATH/index.php(80): CodeIgniter\CodeIgniter->run()
INFO - 2023-11-06 08:33:29 --> CSRF token verified.
INFO - 2023-11-06 08:33:34 --> CSRF token verified.
INFO - 2023-11-06 08:39:50 --> Session: Class initialized using 'CodeIgniter\Session\Handlers\FileHandler' driver.
INFO - 2023-11-06 08:39:56 --> CSRF token verified.
INFO - 2023-11-06 08:40:00 --> CSRF token verified.
INFO - 2023-11-06 08:40:04 --> Session: Class initialized using 'CodeIgniter\Session\Handlers\FileHandler' driver.
INFO - 2023-11-06 08:47:36 --> Session: Class initialized using 'CodeIgniter\Session\Handlers\FileHandler' driver.
INFO - 2023-11-06 08:47:42 --> CSRF token verified.
INFO - 2023-11-06 08:47:47 --> CSRF token verified.
INFO - 2023-11-06 08:47:53 --> Session: Class initialized using 'CodeIgniter\Session\Handlers\FileHandler' driver.
CRITICAL - 2023-11-06 08:48:46 --> Call to undefined function validation_list_errors()
in APPPATH/Views/users/login.php on line 22.
 1 SYSTEMPATH/View/View.php(228): include()
 2 SYSTEMPATH/View/View.php(231): CodeIgniter\View\View->CodeIgniter\View\{closure}()
 3 SYSTEMPATH/Common.php(1190): CodeIgniter\View\View->render()
 4 APPPATH/Controllers/User.php(27): view()
 5 SYSTEMPATH/CodeIgniter.php(942): App\Controllers\User->loginSubmit()
 6 SYSTEMPATH/CodeIgniter.php(502): CodeIgniter\CodeIgniter->runController()
 7 SYSTEMPATH/CodeIgniter.php(361): CodeIgniter\CodeIgniter->handleRequest()
 8 FCPATH/index.php(80): CodeIgniter\CodeIgniter->run()
CRITICAL - 2023-11-06 08:54:43 --> Undefined property: CodeIgniter\View\View::$validation
in APPPATH/Views/users/login.php on line 22.
 1 APPPATH/Views/users/login.php(22): CodeIgniter\Debug\Exceptions->errorHandler()
 2 SYSTEMPATH/View/View.php(228): include('/var/www/html/projectCms/app/Views/users/login.php')
 3 SYSTEMPATH/View/View.php(231): CodeIgniter\View\View->CodeIgniter\View\{closure}()
 4 SYSTEMPATH/Common.php(1190): CodeIgniter\View\View->render()
 5 APPPATH/Controllers/User.php(27): view()
 6 SYSTEMPATH/CodeIgniter.php(942): App\Controllers\User->loginSubmit()
 7 SYSTEMPATH/CodeIgniter.php(502): CodeIgniter\CodeIgniter->runController()
 8 SYSTEMPATH/CodeIgniter.php(361): CodeIgniter\CodeIgniter->handleRequest()
 9 FCPATH/index.php(80): CodeIgniter\CodeIgniter->run()
CRITICAL - 2023-11-06 08:57:28 --> Undefined property: CodeIgniter\View\View::$validation
in APPPATH/Views/users/login.php on line 22.
 1 APPPATH/Views/users/login.php(22): CodeIgniter\Debug\Exceptions->errorHandler()
 2 SYSTEMPATH/View/View.php(228): include('/var/www/html/projectCms/app/Views/users/login.php')
 3 SYSTEMPATH/View/View.php(231): CodeIgniter\View\View->CodeIgniter\View\{closure}()
 4 SYSTEMPATH/Common.php(1190): CodeIgniter\View\View->render()
 5 APPPATH/Controllers/User.php(28): view()
 6 SYSTEMPATH/CodeIgniter.php(942): App\Controllers\User->loginSubmit()
 7 SYSTEMPATH/CodeIgniter.php(502): CodeIgniter\CodeIgniter->runController()
 8 SYSTEMPATH/CodeIgniter.php(361): CodeIgniter\CodeIgniter->handleRequest()
 9 FCPATH/index.php(80): CodeIgniter\CodeIgniter->run()
INFO - 2023-11-06 08:57:37 --> Session: Class initialized using 'CodeIgniter\Session\Handlers\FileHandler' driver.
INFO - 2023-11-06 08:57:40 --> CSRF token verified.
INFO - 2023-11-06 08:57:40 --> Session: Class initialized using 'CodeIgniter\Session\Handlers\FileHandler' driver.
INFO - 2023-11-06 08:57:46 --> CSRF token verified.
INFO - 2023-11-06 08:57:46 --> Session: Class initialized using 'CodeIgniter\Session\Handlers\FileHandler' driver.
INFO - 2023-11-06 08:57:49 --> CSRF token verified.
INFO - 2023-11-06 08:57:52 --> Session: Class initialized using 'CodeIgniter\Session\Handlers\FileHandler' driver.
INFO - 2023-11-06 08:57:54 --> Session: Class initialized using 'CodeIgniter\Session\Handlers\FileHandler' driver.
CRITICAL - 2023-11-06 09:02:49 --> Undefined property: App\Controllers\User::$validation
in APPPATH/Controllers/User.php on line 24.
 1 APPPATH/Controllers/User.php(24): CodeIgniter\Debug\Exceptions->errorHandler()
 2 SYSTEMPATH/CodeIgniter.php(942): App\Controllers\User->loginSubmit()
 3 SYSTEMPATH/CodeIgniter.php(502): CodeIgniter\CodeIgniter->runController()
 4 SYSTEMPATH/CodeIgniter.php(361): CodeIgniter\CodeIgniter->handleRequest()
 5 FCPATH/index.php(80): CodeIgniter\CodeIgniter->run()
CRITICAL - 2023-11-06 09:03:14 --> Call to undefined function App\Controllers\library()
in APPPATH/Controllers/User.php on line 24.
 1 SYSTEMPATH/CodeIgniter.php(942): App\Controllers\User->loginSubmit()
 2 SYSTEMPATH/CodeIgniter.php(502): CodeIgniter\CodeIgniter->runController()
 3 SYSTEMPATH/CodeIgniter.php(361): CodeIgniter\CodeIgniter->handleRequest()
 4 FCPATH/index.php(80): CodeIgniter\CodeIgniter->run()
CRITICAL - 2023-11-06 09:05:24 --> Undefined property: App\Controllers\User::$validation
in APPPATH/Controllers/User.php on line 25.
 1 APPPATH/Controllers/User.php(25): CodeIgniter\Debug\Exceptions->errorHandler()
 2 SYSTEMPATH/CodeIgniter.php(942): App\Controllers\User->loginSubmit()
 3 SYSTEMPATH/CodeIgniter.php(502): CodeIgniter\CodeIgniter->runController()
 4 SYSTEMPATH/CodeIgniter.php(361): CodeIgniter\CodeIgniter->handleRequest()
 5 FCPATH/index.php(80): CodeIgniter\CodeIgniter->run()
INFO - 2023-11-06 09:05:38 --> Session: Class initialized using 'CodeIgniter\Session\Handlers\FileHandler' driver.
INFO - 2023-11-06 09:05:41 --> Session: Class initialized using 'CodeIgniter\Session\Handlers\FileHandler' driver.
CRITICAL - 2023-11-06 09:05:51 --> Call to undefined function validation_list_errors()
in APPPATH/Views/users/login.php on line 22.
 1 SYSTEMPATH/View/View.php(228): include()
 2 SYSTEMPATH/View/View.php(231): CodeIgniter\View\View->CodeIgniter\View\{closure}()
 3 SYSTEMPATH/Common.php(1190): CodeIgniter\View\View->render()
 4 APPPATH/Controllers/User.php(15): view()
 5 SYSTEMPATH/CodeIgniter.php(942): App\Controllers\User->login()
 6 SYSTEMPATH/CodeIgniter.php(502): CodeIgniter\CodeIgniter->runController()
 7 SYSTEMPATH/CodeIgniter.php(361): CodeIgniter\CodeIgniter->handleRequest()
 8 FCPATH/index.php(80): CodeIgniter\CodeIgniter->run()
INFO - 2023-11-06 09:06:32 --> Session: Class initialized using 'CodeIgniter\Session\Handlers\FileHandler' driver.
INFO - 2023-11-06 09:06:34 --> Session: Class initialized using 'CodeIgniter\Session\Handlers\FileHandler' driver.
INFO - 2023-11-06 09:06:35 --> CSRF token verified.
INFO - 2023-11-06 09:06:35 --> Session: Class initialized using 'CodeIgniter\Session\Handlers\FileHandler' driver.
INFO - 2023-11-06 09:06:38 --> CSRF token verified.
INFO - 2023-11-06 09:06:38 --> Session: Class initialized using 'CodeIgniter\Session\Handlers\FileHandler' driver.
INFO - 2023-11-06 09:06:43 --> CSRF token verified.
INFO - 2023-11-06 09:06:43 --> Session: Class initialized using 'CodeIgniter\Session\Handlers\FileHandler' driver.
INFO - 2023-11-06 09:06:50 --> CSRF token verified.
INFO - 2023-11-06 09:06:50 --> Session: Class initialized using 'CodeIgniter\Session\Handlers\FileHandler' driver.
INFO - 2023-11-06 09:06:58 --> CSRF token verified.
INFO - 2023-11-06 09:06:58 --> Session: Class initialized using 'CodeIgniter\Session\Handlers\FileHandler' driver.
INFO - 2023-11-06 09:09:46 --> Session: Class initialized using 'CodeIgniter\Session\Handlers\FileHandler' driver.
INFO - 2023-11-06 09:09:48 --> Session: Class initialized using 'CodeIgniter\Session\Handlers\FileHandler' driver.
INFO - 2023-11-06 09:09:54 --> Session: Class initialized using 'CodeIgniter\Session\Handlers\FileHandler' driver.
INFO - 2023-11-06 09:09:58 --> CSRF token verified.
INFO - 2023-11-06 09:09:58 --> Session: Class initialized using 'CodeIgniter\Session\Handlers\FileHandler' driver.
INFO - 2023-11-06 09:10:27 --> Session: Class initialized using 'CodeIgniter\Session\Handlers\FileHandler' driver.
INFO - 2023-11-06 09:10:29 --> Session: Class initialized using 'CodeIgniter\Session\Handlers\FileHandler' driver.
INFO - 2023-11-06 09:10:35 --> Session: Class initialized using 'CodeIgniter\Session\Handlers\FileHandler' driver.
INFO - 2023-11-06 09:10:36 --> Session: Class initialized using 'CodeIgniter\Session\Handlers\FileHandler' driver.
INFO - 2023-11-06 09:10:42 --> CSRF token verified.
INFO - 2023-11-06 09:10:42 --> Session: Class initialized using 'CodeIgniter\Session\Handlers\FileHandler' driver.
INFO - 2023-11-06 09:10:53 --> Session: Class initialized using 'CodeIgniter\Session\Handlers\FileHandler' driver.
INFO - 2023-11-06 09:10:55 --> Session: Class initialized using 'CodeIgniter\Session\Handlers\FileHandler' driver.
INFO - 2023-11-06 09:10:59 --> Session: Class initialized using 'CodeIgniter\Session\Handlers\FileHandler' driver.
INFO - 2023-11-06 09:11:01 --> Session: Class initialized using 'CodeIgniter\Session\Handlers\FileHandler' driver.
INFO - 2023-11-06 09:11:03 --> CSRF token verified.
INFO - 2023-11-06 09:11:03 --> Session: Class initialized using 'CodeIgniter\Session\Handlers\FileHandler' driver.
INFO - 2023-11-06 09:13:38 --> Session: Class initialized using 'CodeIgniter\Session\Handlers\FileHandler' driver.
INFO - 2023-11-06 09:13:38 --> Session: Class initialized using 'CodeIgniter\Session\Handlers\FileHandler' driver.
INFO - 2023-11-06 09:13:39 --> Session: Class initialized using 'CodeIgniter\Session\Handlers\FileHandler' driver.
INFO - 2023-11-06 09:13:40 --> CSRF token verified.
CRITICAL - 2023-11-06 09:13:40 --> Undefined variable: data
in APPPATH/Controllers/User.php on line 36.
 1 APPPATH/Controllers/User.php(36): CodeIgniter\Debug\Exceptions->errorHandler()
 2 SYSTEMPATH/CodeIgniter.php(942): App\Controllers\User->loginSubmit()
 3 SYSTEMPATH/CodeIgniter.php(502): CodeIgniter\CodeIgniter->runController()
 4 SYSTEMPATH/CodeIgniter.php(361): CodeIgniter\CodeIgniter->handleRequest()
 5 FCPATH/index.php(80): CodeIgniter\CodeIgniter->run()
INFO - 2023-11-06 09:13:51 --> CSRF token verified.
INFO - 2023-11-06 09:13:51 --> Session: Class initialized using 'CodeIgniter\Session\Handlers\FileHandler' driver.
INFO - 2023-11-06 09:13:59 --> CSRF token verified.
INFO - 2023-11-06 09:13:59 --> Session: Class initialized using 'CodeIgniter\Session\Handlers\FileHandler' driver.
INFO - 2023-11-06 09:14:26 --> CSRF token verified.
INFO - 2023-11-06 09:14:26 --> Session: Class initialized using 'CodeIgniter\Session\Handlers\FileHandler' driver.
INFO - 2023-11-06 09:22:18 --> Session: Class initialized using 'CodeIgniter\Session\Handlers\FileHandler' driver.
INFO - 2023-11-06 09:22:19 --> Session: Class initialized using 'CodeIgniter\Session\Handlers\FileHandler' driver.
INFO - 2023-11-06 09:22:21 --> Session: Class initialized using 'CodeIgniter\Session\Handlers\FileHandler' driver.
INFO - 2023-11-06 09:22:27 --> CSRF token verified.
INFO - 2023-11-06 09:22:27 --> Session: Class initialized using 'CodeIgniter\Session\Handlers\FileHandler' driver.
INFO - 2023-11-06 09:22:32 --> CSRF token verified.
INFO - 2023-11-06 09:22:32 --> Session: Class initialized using 'CodeIgniter\Session\Handlers\FileHandler' driver.
INFO - 2023-11-06 09:30:07 --> Session: Class initialized using 'CodeIgniter\Session\Handlers\FileHandler' driver.
INFO - 2023-11-06 09:30:08 --> Session: Class initialized using 'CodeIgniter\Session\Handlers\FileHandler' driver.
INFO - 2023-11-06 09:30:15 --> CSRF token verified.
INFO - 2023-11-06 09:30:15 --> Session: Class initialized using 'CodeIgniter\Session\Handlers\FileHandler' driver.
INFO - 2023-11-06 09:30:20 --> CSRF token verified.
INFO - 2023-11-06 09:30:20 --> Session: Class initialized using 'CodeIgniter\Session\Handlers\FileHandler' driver.
INFO - 2023-11-06 09:30:27 --> Session: Class initialized using 'CodeIgniter\Session\Handlers\FileHandler' driver.
INFO - 2023-11-06 09:30:37 --> CSRF token verified.
INFO - 2023-11-06 09:30:41 --> Session: Class initialized using 'CodeIgniter\Session\Handlers\FileHandler' driver.
INFO - 2023-11-06 09:30:41 --> Session: Class initialized using 'CodeIgniter\Session\Handlers\FileHandler' driver.
INFO - 2023-11-06 09:30:46 --> CSRF token verified.
INFO - 2023-11-06 09:30:46 --> Session: Class initialized using 'CodeIgniter\Session\Handlers\FileHandler' driver.
INFO - 2023-11-06 09:31:17 --> CSRF token verified.
INFO - 2023-11-06 09:31:17 --> Session: Class initialized using 'CodeIgniter\Session\Handlers\FileHandler' driver.
INFO - 2023-11-06 09:31:19 --> CSRF token verified.
INFO - 2023-11-06 09:31:19 --> Session: Class initialized using 'CodeIgniter\Session\Handlers\FileHandler' driver.
INFO - 2023-11-06 09:31:22 --> CSRF token verified.
INFO - 2023-11-06 09:31:22 --> Session: Class initialized using 'CodeIgniter\Session\Handlers\FileHandler' driver.
INFO - 2023-11-06 09:31:27 --> Session: Class initialized using 'CodeIgniter\Session\Handlers\FileHandler' driver.
INFO - 2023-11-06 09:34:16 --> Session: Class initialized using 'CodeIgniter\Session\Handlers\FileHandler' driver.
INFO - 2023-11-06 09:34:18 --> CSRF token verified.
INFO - 2023-11-06 09:34:18 --> Session: Class initialized using 'CodeIgniter\Session\Handlers\FileHandler' driver.
INFO - 2023-11-06 09:34:24 --> CSRF token verified.
INFO - 2023-11-06 09:34:24 --> Session: Class initialized using 'CodeIgniter\Session\Handlers\FileHandler' driver.
INFO - 2023-11-06 09:34:30 --> CSRF token verified.
INFO - 2023-11-06 09:34:30 --> Session: Class initialized using 'CodeIgniter\Session\Handlers\FileHandler' driver.
INFO - 2023-11-06 09:34:53 --> CSRF token verified.
INFO - 2023-11-06 09:34:53 --> Session: Class initialized using 'CodeIgniter\Session\Handlers\FileHandler' driver.
INFO - 2023-11-06 09:35:04 --> CSRF token verified.
INFO - 2023-11-06 09:36:14 --> Session: Class initialized using 'CodeIgniter\Session\Handlers\FileHandler' driver.
INFO - 2023-11-06 09:36:15 --> Session: Class initialized using 'CodeIgniter\Session\Handlers\FileHandler' driver.
INFO - 2023-11-06 09:36:23 --> CSRF token verified.
INFO - 2023-11-06 09:36:23 --> Session: Class initialized using 'CodeIgniter\Session\Handlers\FileHandler' driver.
INFO - 2023-11-06 09:36:26 --> CSRF token verified.
INFO - 2023-11-06 09:36:26 --> Session: Class initialized using 'CodeIgniter\Session\Handlers\FileHandler' driver.
INFO - 2023-11-06 09:36:32 --> Session: Class initialized using 'CodeIgniter\Session\Handlers\FileHandler' driver.
INFO - 2023-11-06 09:36:34 --> Session: Class initialized using 'CodeIgniter\Session\Handlers\FileHandler' driver.
INFO - 2023-11-06 09:42:58 --> Session: Class initialized using 'CodeIgniter\Session\Handlers\FileHandler' driver.
INFO - 2023-11-06 09:43:02 --> Session: Class initialized using 'CodeIgniter\Session\Handlers\FileHandler' driver.
INFO - 2023-11-06 09:43:11 --> CSRF token verified.
INFO - 2023-11-06 09:43:11 --> Session: Class initialized using 'CodeIgniter\Session\Handlers\FileHandler' driver.
INFO - 2023-11-06 09:43:15 --> CSRF token verified.
INFO - 2023-11-06 09:43:15 --> Session: Class initialized using 'CodeIgniter\Session\Handlers\FileHandler' driver.
INFO - 2023-11-06 10:07:57 --> CSRF token verified.
CRITICAL - 2023-11-06 10:07:57 --> Undefined property: App\Controllers\User::$session
in APPPATH/Controllers/User.php on line 38.
 1 APPPATH/Controllers/User.php(38): CodeIgniter\Debug\Exceptions->errorHandler()
 2 SYSTEMPATH/CodeIgniter.php(942): App\Controllers\User->loginSubmit()
 3 SYSTEMPATH/CodeIgniter.php(502): CodeIgniter\CodeIgniter->runController()
 4 SYSTEMPATH/CodeIgniter.php(361): CodeIgniter\CodeIgniter->handleRequest()
 5 FCPATH/index.php(80): CodeIgniter\CodeIgniter->run()
INFO - 2023-11-06 10:08:31 --> CSRF token verified.
CRITICAL - 2023-11-06 10:08:31 --> Call to undefined function App\Controllers\library()
in APPPATH/Controllers/User.php on line 16.
 1 SYSTEMPATH/CodeIgniter.php(914): App\Controllers\User->__construct()
 2 SYSTEMPATH/CodeIgniter.php(493): CodeIgniter\CodeIgniter->createController()
 3 SYSTEMPATH/CodeIgniter.php(361): CodeIgniter\CodeIgniter->handleRequest()
 4 FCPATH/index.php(80): CodeIgniter\CodeIgniter->run()
INFO - 2023-11-06 10:08:55 --> CSRF token verified.
CRITICAL - 2023-11-06 10:08:55 --> Call to undefined function App\Controllers\libraries()
in APPPATH/Controllers/User.php on line 16.
 1 SYSTEMPATH/CodeIgniter.php(914): App\Controllers\User->__construct()
 2 SYSTEMPATH/CodeIgniter.php(493): CodeIgniter\CodeIgniter->createController()
 3 SYSTEMPATH/CodeIgniter.php(361): CodeIgniter\CodeIgniter->handleRequest()
 4 FCPATH/index.php(80): CodeIgniter\CodeIgniter->run()
INFO - 2023-11-06 10:14:09 --> CSRF token verified.
INFO - 2023-11-06 10:14:09 --> Session: Class initialized using 'CodeIgniter\Session\Handlers\FileHandler' driver.
INFO - 2023-11-06 10:14:14 --> Session: Class initialized using 'CodeIgniter\Session\Handlers\FileHandler' driver.
INFO - 2023-11-06 10:14:22 --> CSRF token verified.
INFO - 2023-11-06 10:14:22 --> Session: Class initialized using 'CodeIgniter\Session\Handlers\FileHandler' driver.
INFO - 2023-11-06 10:27:03 --> Session: Class initialized using 'CodeIgniter\Session\Handlers\FileHandler' driver.
INFO - 2023-11-06 10:27:04 --> Session: Class initialized using 'CodeIgniter\Session\Handlers\FileHandler' driver.
INFO - 2023-11-06 10:36:56 --> Session: Class initialized using 'CodeIgniter\Session\Handlers\FileHandler' driver.
CRITICAL - 2023-11-06 10:37:42 --> Class 'CodeIgniter\Libraries\Session' not found
in APPPATH/Controllers/User.php on line 19.
 1 SYSTEMPATH/CodeIgniter.php(914): App\Controllers\User->__construct()
 2 SYSTEMPATH/CodeIgniter.php(493): CodeIgniter\CodeIgniter->createController()
 3 SYSTEMPATH/CodeIgniter.php(361): CodeIgniter\CodeIgniter->handleRequest()
 4 FCPATH/index.php(80): CodeIgniter\CodeIgniter->run()
CRITICAL - 2023-11-06 10:43:53 --> Too few arguments to function CodeIgniter\Session\Session::__construct(), 0 passed in /var/www/html/projectCms/app/Controllers/User.php on line 19 and exactly 2 expected
in SYSTEMPATH/Session/Session.php on line 183.
 1 APPPATH/Controllers/User.php(19): CodeIgniter\Session\Session->__construct()
 2 SYSTEMPATH/CodeIgniter.php(914): App\Controllers\User->__construct()
 3 SYSTEMPATH/CodeIgniter.php(493): CodeIgniter\CodeIgniter->createController()
 4 SYSTEMPATH/CodeIgniter.php(361): CodeIgniter\CodeIgniter->handleRequest()
 5 FCPATH/index.php(80): CodeIgniter\CodeIgniter->run()
INFO - 2023-11-06 10:44:57 --> Session: Class initialized using 'CodeIgniter\Session\Handlers\FileHandler' driver.
INFO - 2023-11-06 10:45:34 --> CSRF token verified.
INFO - 2023-11-06 10:45:34 --> Session: Class initialized using 'CodeIgniter\Session\Handlers\FileHandler' driver.
INFO - 2023-11-06 10:45:43 --> Session: Class initialized using 'CodeIgniter\Session\Handlers\FileHandler' driver.
INFO - 2023-11-06 10:45:44 --> Session: Class initialized using 'CodeIgniter\Session\Handlers\FileHandler' driver.
INFO - 2023-11-06 10:45:51 --> CSRF token verified.
INFO - 2023-11-06 10:45:51 --> Session: Class initialized using 'CodeIgniter\Session\Handlers\FileHandler' driver.
INFO - 2023-11-06 10:47:04 --> Session: Class initialized using 'CodeIgniter\Session\Handlers\FileHandler' driver.
INFO - 2023-11-06 10:47:06 --> Session: Class initialized using 'CodeIgniter\Session\Handlers\FileHandler' driver.
INFO - 2023-11-06 10:47:13 --> CSRF token verified.
INFO - 2023-11-06 10:47:13 --> Session: Class initialized using 'CodeIgniter\Session\Handlers\FileHandler' driver.
CRITICAL - 2023-11-06 10:47:13 --> Undefined variable: redirect
in APPPATH/Controllers/User.php on line 41.
 1 APPPATH/Controllers/User.php(41): CodeIgniter\Debug\Exceptions->errorHandler()
 2 SYSTEMPATH/CodeIgniter.php(942): App\Controllers\User->loginSubmit()
 3 SYSTEMPATH/CodeIgniter.php(502): CodeIgniter\CodeIgniter->runController()
 4 SYSTEMPATH/CodeIgniter.php(361): CodeIgniter\CodeIgniter->handleRequest()
 5 FCPATH/index.php(80): CodeIgniter\CodeIgniter->run()
INFO - 2023-11-06 10:48:04 --> CSRF token verified.
INFO - 2023-11-06 10:48:04 --> Session: Class initialized using 'CodeIgniter\Session\Handlers\FileHandler' driver.
INFO - 2023-11-06 10:48:06 --> Session: Class initialized using 'CodeIgniter\Session\Handlers\FileHandler' driver.
INFO - 2023-11-06 10:48:08 --> Session: Class initialized using 'CodeIgniter\Session\Handlers\FileHandler' driver.
INFO - 2023-11-06 10:48:12 --> Session: Class initialized using 'CodeIgniter\Session\Handlers\FileHandler' driver.
INFO - 2023-11-06 10:48:28 --> CSRF token verified.
INFO - 2023-11-06 10:48:28 --> Session: Class initialized using 'CodeIgniter\Session\Handlers\FileHandler' driver.
INFO - 2023-11-06 10:48:28 --> Session: Class initialized using 'CodeIgniter\Session\Handlers\FileHandler' driver.
INFO - 2023-11-06 10:48:28 --> Session: Class initialized using 'CodeIgniter\Session\Handlers\FileHandler' driver.
INFO - 2023-11-06 10:51:05 --> CSRF token verified.
INFO - 2023-11-06 10:51:05 --> Session: Class initialized using 'CodeIgniter\Session\Handlers\FileHandler' driver.
INFO - 2023-11-06 10:51:05 --> Session: Class initialized using 'CodeIgniter\Session\Handlers\FileHandler' driver.
INFO - 2023-11-06 10:51:56 --> Session: Class initialized using 'CodeIgniter\Session\Handlers\FileHandler' driver.
INFO - 2023-11-06 10:54:13 --> Session: Class initialized using 'CodeIgniter\Session\Handlers\FileHandler' driver.
INFO - 2023-11-06 10:54:16 --> Session: Class initialized using 'CodeIgniter\Session\Handlers\FileHandler' driver.
INFO - 2023-11-06 10:54:16 --> Session: Class initialized using 'CodeIgniter\Session\Handlers\FileHandler' driver.
INFO - 2023-11-06 10:56:49 --> Session: Class initialized using 'CodeIgniter\Session\Handlers\FileHandler' driver.
INFO - 2023-11-06 10:56:57 --> CSRF token verified.
INFO - 2023-11-06 10:56:57 --> Session: Class initialized using 'CodeIgniter\Session\Handlers\FileHandler' driver.
INFO - 2023-11-06 10:56:58 --> Session: Class initialized using 'CodeIgniter\Session\Handlers\FileHandler' driver.
INFO - 2023-11-06 10:57:22 --> Session: Class initialized using 'CodeIgniter\Session\Handlers\FileHandler' driver.
INFO - 2023-11-06 10:57:22 --> Session: Class initialized using 'CodeIgniter\Session\Handlers\FileHandler' driver.
INFO - 2023-11-06 10:57:39 --> Session: Class initialized using 'CodeIgniter\Session\Handlers\FileHandler' driver.
INFO - 2023-11-06 10:57:39 --> Session: Class initialized using 'CodeIgniter\Session\Handlers\FileHandler' driver.
INFO - 2023-11-06 10:58:29 --> Session: Class initialized using 'CodeIgniter\Session\Handlers\FileHandler' driver.
CRITICAL - 2023-11-06 10:58:29 --> Call to undefined function set_value()
in APPPATH/Views/users/login.php on line 17.
 1 SYSTEMPATH/View/View.php(228): include()
 2 SYSTEMPATH/View/View.php(231): CodeIgniter\View\View->CodeIgniter\View\{closure}()
 3 SYSTEMPATH/Common.php(1190): CodeIgniter\View\View->render()
 4 APPPATH/Controllers/User.php(25): view()
 5 SYSTEMPATH/CodeIgniter.php(942): App\Controllers\User->login()
 6 SYSTEMPATH/CodeIgniter.php(502): CodeIgniter\CodeIgniter->runController()
 7 SYSTEMPATH/CodeIgniter.php(361): CodeIgniter\CodeIgniter->handleRequest()
 8 FCPATH/index.php(80): CodeIgniter\CodeIgniter->run()
INFO - 2023-11-06 10:58:36 --> Session: Class initialized using 'CodeIgniter\Session\Handlers\FileHandler' driver.
INFO - 2023-11-06 10:58:46 --> Session: Class initialized using 'CodeIgniter\Session\Handlers\FileHandler' driver.
CRITICAL - 2023-11-06 10:58:46 --> Call to undefined function set_value()
in APPPATH/Views/users/login.php on line 17.
 1 SYSTEMPATH/View/View.php(228): include()
 2 SYSTEMPATH/View/View.php(231): CodeIgniter\View\View->CodeIgniter\View\{closure}()
 3 SYSTEMPATH/Common.php(1190): CodeIgniter\View\View->render()
 4 APPPATH/Controllers/User.php(25): view()
 5 SYSTEMPATH/CodeIgniter.php(942): App\Controllers\User->login()
 6 SYSTEMPATH/CodeIgniter.php(502): CodeIgniter\CodeIgniter->runController()
 7 SYSTEMPATH/CodeIgniter.php(361): CodeIgniter\CodeIgniter->handleRequest()
 8 FCPATH/index.php(80): CodeIgniter\CodeIgniter->run()
INFO - 2023-11-06 10:58:55 --> Session: Class initialized using 'CodeIgniter\Session\Handlers\FileHandler' driver.
INFO - 2023-11-06 10:59:44 --> Session: Class initialized using 'CodeIgniter\Session\Handlers\FileHandler' driver.
INFO - 2023-11-06 10:59:51 --> CSRF token verified.
INFO - 2023-11-06 10:59:51 --> Session: Class initialized using 'CodeIgniter\Session\Handlers\FileHandler' driver.
INFO - 2023-11-06 10:59:52 --> Session: Class initialized using 'CodeIgniter\Session\Handlers\FileHandler' driver.
INFO - 2023-11-06 11:00:32 --> Session: Class initialized using 'CodeIgniter\Session\Handlers\FileHandler' driver.
INFO - 2023-11-06 11:00:46 --> Session: Class initialized using 'CodeIgniter\Session\Handlers\FileHandler' driver.
INFO - 2023-11-06 11:00:54 --> Session: Class initialized using 'CodeIgniter\Session\Handlers\FileHandler' driver.
INFO - 2023-11-06 12:02:13 --> Session: Class initialized using 'CodeIgniter\Session\Handlers\FileHandler' driver.
INFO - 2023-11-06 12:02:17 --> Session: Class initialized using 'CodeIgniter\Session\Handlers\FileHandler' driver.
INFO - 2023-11-06 12:02:18 --> Session: Class initialized using 'CodeIgniter\Session\Handlers\FileHandler' driver.
INFO - 2023-11-06 12:02:22 --> CSRF token verified.
INFO - 2023-11-06 12:02:22 --> Session: Class initialized using 'CodeIgniter\Session\Handlers\FileHandler' driver.
INFO - 2023-11-06 12:02:41 --> Session: Class initialized using 'CodeIgniter\Session\Handlers\FileHandler' driver.
INFO - 2023-11-06 12:02:43 --> Session: Class initialized using 'CodeIgniter\Session\Handlers\FileHandler' driver.
INFO - 2023-11-06 12:02:51 --> CSRF token verified.
INFO - 2023-11-06 12:02:51 --> Session: Class initialized using 'CodeIgniter\Session\Handlers\FileHandler' driver.
CRITICAL - 2023-11-06 12:02:51 --> "callback_checkUser" is not a valid rule.
in SYSTEMPATH/Validation/Validation.php on line 319.
 1 SYSTEMPATH/Validation/Validation.php(319): CodeIgniter\Validation\Exceptions\ValidationException::forRuleNotFound()
 2 SYSTEMPATH/Validation/Validation.php(197): CodeIgniter\Validation\Validation->processRules()
 3 SYSTEMPATH/Controller.php(152): CodeIgniter\Validation\Validation->run()
 4 APPPATH/Controllers/User.php(36): CodeIgniter\Controller->validate()
 5 SYSTEMPATH/CodeIgniter.php(942): App\Controllers\User->loginSubmit()
 6 SYSTEMPATH/CodeIgniter.php(502): CodeIgniter\CodeIgniter->runController()
 7 SYSTEMPATH/CodeIgniter.php(361): CodeIgniter\CodeIgniter->handleRequest()
 8 FCPATH/index.php(80): CodeIgniter\CodeIgniter->run()
INFO - 2023-11-06 12:20:46 --> CSRF token verified.
INFO - 2023-11-06 12:20:46 --> Session: Class initialized using 'CodeIgniter\Session\Handlers\FileHandler' driver.
ERROR - 2023-11-06 12:20:46 --> Error connecting to the database: mysqli_sql_exception: Access denied for user 'root'@'localhost' (using password: YES) in /var/www/html/projectCms/system/Database/MySQLi/Connection.php:185
Stack trace:
#0 /var/www/html/projectCms/system/Database/MySQLi/Connection.php(185): mysqli->real_connect()
#1 /var/www/html/projectCms/system/Database/BaseConnection.php(392): CodeIgniter\Database\MySQLi\Connection->connect()
#2 /var/www/html/projectCms/system/Database/BaseConnection.php(575): CodeIgniter\Database\BaseConnection->initialize()
#3 /var/www/html/projectCms/system/Database/BaseBuilder.php(1615): CodeIgniter\Database\BaseConnection->query()
#4 /var/www/html/projectCms/system/Validation/StrictRules/Rules.php(153): CodeIgniter\Database\BaseBuilder->get()
#5 /var/www/html/projectCms/system/Validation/Validation.php(311): CodeIgniter\Validation\StrictRules\Rules->is_not_unique()
#6 /var/www/html/projectCms/system/Validation/Validation.php(197): CodeIgniter\Validation\Validation->processRules()
#7 /var/www/html/projectCms/system/Controller.php(152): CodeIgniter\Validation\Validation->run()
#8 /var/www/html/projectCms/app/Controllers/User.php(36): CodeIgniter\Controller->validate()
#9 /var/www/html/projectCms/system/CodeIgniter.php(942): App\Controllers\User->loginSubmit()
#10 /var/www/html/projectCms/system/CodeIgniter.php(502): CodeIgniter\CodeIgniter->runController()
#11 /var/www/html/projectCms/system/CodeIgniter.php(361): CodeIgniter\CodeIgniter->handleRequest()
#12 /var/www/html/projectCms/public/index.php(80): CodeIgniter\CodeIgniter->run()
#13 {main}

Next CodeIgniter\Database\Exceptions\DatabaseException: Access denied for user '****'@'localhost' (using password: YES) in /var/www/html/projectCms/system/Database/MySQLi/Connection.php:229
Stack trace:
#0 /var/www/html/projectCms/system/Database/BaseConnection.php(392): CodeIgniter\Database\MySQLi\Connection->connect()
#1 /var/www/html/projectCms/system/Database/BaseConnection.php(575): CodeIgniter\Database\BaseConnection->initialize()
#2 /var/www/html/projectCms/system/Database/BaseBuilder.php(1615): CodeIgniter\Database\BaseConnection->query()
#3 /var/www/html/projectCms/system/Validation/StrictRules/Rules.php(153): CodeIgniter\Database\BaseBuilder->get()
#4 /var/www/html/projectCms/system/Validation/Validation.php(311): CodeIgniter\Validation\StrictRules\Rules->is_not_unique()
#5 /var/www/html/projectCms/system/Validation/Validation.php(197): CodeIgniter\Validation\Validation->processRules()
#6 /var/www/html/projectCms/system/Controller.php(152): CodeIgniter\Validation\Validation->run()
#7 /var/www/html/projectCms/app/Controllers/User.php(36): CodeIgniter\Controller->validate()
#8 /var/www/html/projectCms/system/CodeIgniter.php(942): App\Controllers\User->loginSubmit()
#9 /var/www/html/projectCms/system/CodeIgniter.php(502): CodeIgniter\CodeIgniter->runController()
#10 /var/www/html/projectCms/system/CodeIgniter.php(361): CodeIgniter\CodeIgniter->handleRequest()
#11 /var/www/html/projectCms/public/index.php(80): CodeIgniter\CodeIgniter->run()
#12 {main}
CRITICAL - 2023-11-06 12:20:46 --> Unable to connect to the database.
Main connection [MySQLi]: Access denied for user '****'@'localhost' (using password: YES)
in SYSTEMPATH/Database/BaseConnection.php on line 428.
 1 SYSTEMPATH/Database/BaseConnection.php(575): CodeIgniter\Database\BaseConnection->initialize()
 2 SYSTEMPATH/Database/BaseBuilder.php(1615): CodeIgniter\Database\BaseConnection->query()
 3 SYSTEMPATH/Validation/StrictRules/Rules.php(153): CodeIgniter\Database\BaseBuilder->get()
 4 SYSTEMPATH/Validation/Validation.php(311): CodeIgniter\Validation\StrictRules\Rules->is_not_unique()
 5 SYSTEMPATH/Validation/Validation.php(197): CodeIgniter\Validation\Validation->processRules()
 6 SYSTEMPATH/Controller.php(152): CodeIgniter\Validation\Validation->run()
 7 APPPATH/Controllers/User.php(36): CodeIgniter\Controller->validate()
 8 SYSTEMPATH/CodeIgniter.php(942): App\Controllers\User->loginSubmit()
 9 SYSTEMPATH/CodeIgniter.php(502): CodeIgniter\CodeIgniter->runController()
10 SYSTEMPATH/CodeIgniter.php(361): CodeIgniter\CodeIgniter->handleRequest()
11 FCPATH/index.php(80): CodeIgniter\CodeIgniter->run()
INFO - 2023-11-06 12:21:33 --> Session: Class initialized using 'CodeIgniter\Session\Handlers\FileHandler' driver.
INFO - 2023-11-06 12:22:32 --> CSRF token verified.
INFO - 2023-11-06 12:22:32 --> Session: Class initialized using 'CodeIgniter\Session\Handlers\FileHandler' driver.
ERROR - 2023-11-06 12:22:32 --> Error connecting to the database: mysqli_sql_exception: Unknown database 'cms4' in /var/www/html/projectCms/system/Database/MySQLi/Connection.php:185
Stack trace:
#0 /var/www/html/projectCms/system/Database/MySQLi/Connection.php(185): mysqli->real_connect()
#1 /var/www/html/projectCms/system/Database/BaseConnection.php(392): CodeIgniter\Database\MySQLi\Connection->connect()
#2 /var/www/html/projectCms/system/Database/BaseConnection.php(575): CodeIgniter\Database\BaseConnection->initialize()
#3 /var/www/html/projectCms/system/Database/BaseBuilder.php(1615): CodeIgniter\Database\BaseConnection->query()
#4 /var/www/html/projectCms/system/Validation/StrictRules/Rules.php(153): CodeIgniter\Database\BaseBuilder->get()
#5 /var/www/html/projectCms/system/Validation/Validation.php(311): CodeIgniter\Validation\StrictRules\Rules->is_not_unique()
#6 /var/www/html/projectCms/system/Validation/Validation.php(197): CodeIgniter\Validation\Validation->processRules()
#7 /var/www/html/projectCms/system/Controller.php(152): CodeIgniter\Validation\Validation->run()
#8 /var/www/html/projectCms/app/Controllers/User.php(36): CodeIgniter\Controller->validate()
#9 /var/www/html/projectCms/system/CodeIgniter.php(942): App\Controllers\User->loginSubmit()
#10 /var/www/html/projectCms/system/CodeIgniter.php(502): CodeIgniter\CodeIgniter->runController()
#11 /var/www/html/projectCms/system/CodeIgniter.php(361): CodeIgniter\CodeIgniter->handleRequest()
#12 /var/www/html/projectCms/public/index.php(80): CodeIgniter\CodeIgniter->run()
#13 {main}

Next CodeIgniter\Database\Exceptions\DatabaseException: Unknown database 'cms4' in /var/www/html/projectCms/system/Database/MySQLi/Connection.php:229
Stack trace:
#0 /var/www/html/projectCms/system/Database/BaseConnection.php(392): CodeIgniter\Database\MySQLi\Connection->connect()
#1 /var/www/html/projectCms/system/Database/BaseConnection.php(575): CodeIgniter\Database\BaseConnection->initialize()
#2 /var/www/html/projectCms/system/Database/BaseBuilder.php(1615): CodeIgniter\Database\BaseConnection->query()
#3 /var/www/html/projectCms/system/Validation/StrictRules/Rules.php(153): CodeIgniter\Database\BaseBuilder->get()
#4 /var/www/html/projectCms/system/Validation/Validation.php(311): CodeIgniter\Validation\StrictRules\Rules->is_not_unique()
#5 /var/www/html/projectCms/system/Validation/Validation.php(197): CodeIgniter\Validation\Validation->processRules()
#6 /var/www/html/projectCms/system/Controller.php(152): CodeIgniter\Validation\Validation->run()
#7 /var/www/html/projectCms/app/Controllers/User.php(36): CodeIgniter\Controller->validate()
#8 /var/www/html/projectCms/system/CodeIgniter.php(942): App\Controllers\User->loginSubmit()
#9 /var/www/html/projectCms/system/CodeIgniter.php(502): CodeIgniter\CodeIgniter->runController()
#10 /var/www/html/projectCms/system/CodeIgniter.php(361): CodeIgniter\CodeIgniter->handleRequest()
#11 /var/www/html/projectCms/public/index.php(80): CodeIgniter\CodeIgniter->run()
#12 {main}
CRITICAL - 2023-11-06 12:22:32 --> Unable to connect to the database.
Main connection [MySQLi]: Unknown database 'cms4'
in SYSTEMPATH/Database/BaseConnection.php on line 428.
 1 SYSTEMPATH/Database/BaseConnection.php(575): CodeIgniter\Database\BaseConnection->initialize()
 2 SYSTEMPATH/Database/BaseBuilder.php(1615): CodeIgniter\Database\BaseConnection->query()
 3 SYSTEMPATH/Validation/StrictRules/Rules.php(153): CodeIgniter\Database\BaseBuilder->get()
 4 SYSTEMPATH/Validation/Validation.php(311): CodeIgniter\Validation\StrictRules\Rules->is_not_unique()
 5 SYSTEMPATH/Validation/Validation.php(197): CodeIgniter\Validation\Validation->processRules()
 6 SYSTEMPATH/Controller.php(152): CodeIgniter\Validation\Validation->run()
 7 APPPATH/Controllers/User.php(36): CodeIgniter\Controller->validate()
 8 SYSTEMPATH/CodeIgniter.php(942): App\Controllers\User->loginSubmit()
 9 SYSTEMPATH/CodeIgniter.php(502): CodeIgniter\CodeIgniter->runController()
10 SYSTEMPATH/CodeIgniter.php(361): CodeIgniter\CodeIgniter->handleRequest()
11 FCPATH/index.php(80): CodeIgniter\CodeIgniter->run()
INFO - 2023-11-06 12:22:52 --> CSRF token verified.
INFO - 2023-11-06 12:22:52 --> Session: Class initialized using 'CodeIgniter\Session\Handlers\FileHandler' driver.
ERROR - 2023-11-06 12:22:52 --> mysqli_sql_exception: Table 'cmsci4.user' doesn't exist in /var/www/html/projectCms/system/Database/MySQLi/Connection.php:306
Stack trace:
#0 /var/www/html/projectCms/system/Database/MySQLi/Connection.php(306): mysqli->query()
#1 /var/www/html/projectCms/system/Database/BaseConnection.php(693): CodeIgniter\Database\MySQLi\Connection->execute()
#2 /var/www/html/projectCms/system/Database/BaseConnection.php(607): CodeIgniter\Database\BaseConnection->simpleQuery()
#3 /var/www/html/projectCms/system/Database/BaseBuilder.php(1615): CodeIgniter\Database\BaseConnection->query()
#4 /var/www/html/projectCms/system/Validation/StrictRules/Rules.php(153): CodeIgniter\Database\BaseBuilder->get()
#5 /var/www/html/projectCms/system/Validation/Validation.php(311): CodeIgniter\Validation\StrictRules\Rules->is_not_unique()
#6 /var/www/html/projectCms/system/Validation/Validation.php(197): CodeIgniter\Validation\Validation->processRules()
#7 /var/www/html/projectCms/system/Controller.php(152): CodeIgniter\Validation\Validation->run()
#8 /var/www/html/projectCms/app/Controllers/User.php(36): CodeIgniter\Controller->validate()
#9 /var/www/html/projectCms/system/CodeIgniter.php(942): App\Controllers\User->loginSubmit()
#10 /var/www/html/projectCms/system/CodeIgniter.php(502): CodeIgniter\CodeIgniter->runController()
#11 /var/www/html/projectCms/system/CodeIgniter.php(361): CodeIgniter\CodeIgniter->handleRequest()
#12 /var/www/html/projectCms/public/index.php(80): CodeIgniter\CodeIgniter->run()
#13 {main}
CRITICAL - 2023-11-06 12:22:52 --> Table 'cmsci4.user' doesn't exist
in SYSTEMPATH/Database/BaseConnection.php on line 647.
 1 SYSTEMPATH/Database/BaseBuilder.php(1615): CodeIgniter\Database\BaseConnection->query()
 2 SYSTEMPATH/Validation/StrictRules/Rules.php(153): CodeIgniter\Database\BaseBuilder->get()
 3 SYSTEMPATH/Validation/Validation.php(311): CodeIgniter\Validation\StrictRules\Rules->is_not_unique()
 4 SYSTEMPATH/Validation/Validation.php(197): CodeIgniter\Validation\Validation->processRules()
 5 SYSTEMPATH/Controller.php(152): CodeIgniter\Validation\Validation->run()
 6 APPPATH/Controllers/User.php(36): CodeIgniter\Controller->validate()
 7 SYSTEMPATH/CodeIgniter.php(942): App\Controllers\User->loginSubmit()
 8 SYSTEMPATH/CodeIgniter.php(502): CodeIgniter\CodeIgniter->runController()
 9 SYSTEMPATH/CodeIgniter.php(361): CodeIgniter\CodeIgniter->handleRequest()
10 FCPATH/index.php(80): CodeIgniter\CodeIgniter->run()
INFO - 2023-11-06 12:24:37 --> CSRF token verified.
INFO - 2023-11-06 12:24:37 --> Session: Class initialized using 'CodeIgniter\Session\Handlers\FileHandler' driver.
INFO - 2023-11-06 12:25:44 --> CSRF token verified.
INFO - 2023-11-06 12:25:44 --> Session: Class initialized using 'CodeIgniter\Session\Handlers\FileHandler' driver.
INFO - 2023-11-06 12:25:44 --> Session: Class initialized using 'CodeIgniter\Session\Handlers\FileHandler' driver.
INFO - 2023-11-06 12:25:55 --> Session: Class initialized using 'CodeIgniter\Session\Handlers\FileHandler' driver.
INFO - 2023-11-06 12:25:58 --> Session: Class initialized using 'CodeIgniter\Session\Handlers\FileHandler' driver.
INFO - 2023-11-06 12:25:58 --> Session: Class initialized using 'CodeIgniter\Session\Handlers\FileHandler' driver.
INFO - 2023-11-06 12:26:08 --> CSRF token verified.
INFO - 2023-11-06 12:26:08 --> Session: Class initialized using 'CodeIgniter\Session\Handlers\FileHandler' driver.
