INFO - 2024-01-08 06:44:34 --> Session: Class initialized using 'CodeIgniter\Session\Handlers\FileHandler' driver.
INFO - 2024-01-08 06:44:34 --> Session: Class initialized using 'CodeIgniter\Session\Handlers\FileHandler' driver.
INFO - 2024-01-08 06:44:34 --> Session: Class initialized using 'CodeIgniter\Session\Handlers\FileHandler' driver.
INFO - 2024-01-08 06:44:34 --> Session: Class initialized using 'CodeIgniter\Session\Handlers\FileHandler' driver.
INFO - 2024-01-08 09:18:53 --> Session: Class initialized using 'CodeIgniter\Session\Handlers\FileHandler' driver.
INFO - 2024-01-08 09:18:54 --> Session: Class initialized using 'CodeIgniter\Session\Handlers\FileHandler' driver.
INFO - 2024-01-08 09:18:54 --> Session: Class initialized using 'CodeIgniter\Session\Handlers\FileHandler' driver.
INFO - 2024-01-08 09:19:01 --> Session: Class initialized using 'CodeIgniter\Session\Handlers\FileHandler' driver.
INFO - 2024-01-08 09:19:02 --> Session: Class initialized using 'CodeIgniter\Session\Handlers\FileHandler' driver.
INFO - 2024-01-08 09:19:06 --> Session: Class initialized using 'CodeIgniter\Session\Handlers\FileHandler' driver.
INFO - 2024-01-08 09:19:08 --> Session: Class initialized using 'CodeIgniter\Session\Handlers\FileHandler' driver.
INFO - 2024-01-08 09:19:09 --> Session: Class initialized using 'CodeIgniter\Session\Handlers\FileHandler' driver.
INFO - 2024-01-08 09:19:13 --> Session: Class initialized using 'CodeIgniter\Session\Handlers\FileHandler' driver.
INFO - 2024-01-08 09:19:14 --> Session: Class initialized using 'CodeIgniter\Session\Handlers\FileHandler' driver.
INFO - 2024-01-08 09:19:15 --> Session: Class initialized using 'CodeIgniter\Session\Handlers\FileHandler' driver.
INFO - 2024-01-08 09:19:19 --> Session: Class initialized using 'CodeIgniter\Session\Handlers\FileHandler' driver.
INFO - 2024-01-08 09:19:26 --> Session: Class initialized using 'CodeIgniter\Session\Handlers\FileHandler' driver.
INFO - 2024-01-08 09:19:31 --> Session: Class initialized using 'CodeIgniter\Session\Handlers\FileHandler' driver.
INFO - 2024-01-08 09:19:45 --> Session: Class initialized using 'CodeIgniter\Session\Handlers\FileHandler' driver.
INFO - 2024-01-08 09:19:50 --> Session: Class initialized using 'CodeIgniter\Session\Handlers\FileHandler' driver.
INFO - 2024-01-08 09:19:54 --> Session: Class initialized using 'CodeIgniter\Session\Handlers\FileHandler' driver.
INFO - 2024-01-08 09:20:03 --> Session: Class initialized using 'CodeIgniter\Session\Handlers\FileHandler' driver.
INFO - 2024-01-08 09:20:07 --> Session: Class initialized using 'CodeIgniter\Session\Handlers\FileHandler' driver.
INFO - 2024-01-08 09:20:15 --> Session: Class initialized using 'CodeIgniter\Session\Handlers\FileHandler' driver.
INFO - 2024-01-08 09:20:23 --> Session: Class initialized using 'CodeIgniter\Session\Handlers\FileHandler' driver.
INFO - 2024-01-08 09:20:31 --> Session: Class initialized using 'CodeIgniter\Session\Handlers\FileHandler' driver.
INFO - 2024-01-08 09:21:41 --> Session: Class initialized using 'CodeIgniter\Session\Handlers\FileHandler' driver.
INFO - 2024-01-08 09:21:43 --> Session: Class initialized using 'CodeIgniter\Session\Handlers\FileHandler' driver.
INFO - 2024-01-08 09:21:44 --> Session: Class initialized using 'CodeIgniter\Session\Handlers\FileHandler' driver.
INFO - 2024-01-08 09:21:46 --> Session: Class initialized using 'CodeIgniter\Session\Handlers\FileHandler' driver.
INFO - 2024-01-08 11:03:55 --> Session: Class initialized using 'CodeIgniter\Session\Handlers\FileHandler' driver.
INFO - 2024-01-08 11:03:55 --> Session: Class initialized using 'CodeIgniter\Session\Handlers\FileHandler' driver.
INFO - 2024-01-08 11:03:57 --> Session: Class initialized using 'CodeIgniter\Session\Handlers\FileHandler' driver.
INFO - 2024-01-08 11:04:12 --> Session: Class initialized using 'CodeIgniter\Session\Handlers\FileHandler' driver.
ERROR - 2024-01-08 11:04:17 --> Email: sendWithSmtp throwed ErrorException: fsockopen(): unable to connect to mn-ssl.de:25 (Connection timed out) in /var/www/html/invoiceTracking/system/Email/Email.php:1891
Stack trace:
#0 [internal function]: CodeIgniter\Debug\Exceptions->errorHandler()
#1 /var/www/html/invoiceTracking/system/Email/Email.php(1891): fsockopen()
#2 /var/www/html/invoiceTracking/system/Email/Email.php(1799): CodeIgniter\Email\Email->SMTPConnect()
#3 /var/www/html/invoiceTracking/system/Email/Email.php(1684): CodeIgniter\Email\Email->sendWithSmtp()
#4 /var/www/html/invoiceTracking/system/Email/Email.php(1578): CodeIgniter\Email\Email->spoolEmail()
#5 /var/www/html/invoiceTracking/app/Controllers/InvoiceTracking/Cli/Bg.php(61): CodeIgniter\Email\Email->send()
#6 /var/www/html/invoiceTracking/system/CodeIgniter.php(942): App\Controllers\InvoiceTracking\Cli\Bg->reminder1()
#7 /var/www/html/invoiceTracking/system/CodeIgniter.php(502): CodeIgniter\CodeIgniter->runController()
#8 /var/www/html/invoiceTracking/system/CodeIgniter.php(361): CodeIgniter\CodeIgniter->handleRequest()
#9 /var/www/html/invoiceTracking/public/index.php(80): CodeIgniter\CodeIgniter->run()
#10 {main}
ERROR - 2024-01-08 11:04:17 --> Email: Unable to send email using SMTP. Your server might not be configured to send mail using this method.
ERROR - 2024-01-08 11:04:17 --> 
INFO - 2024-01-08 11:10:25 --> Session: Class initialized using 'CodeIgniter\Session\Handlers\FileHandler' driver.
ERROR - 2024-01-08 11:10:30 --> Email: sendWithSmtp throwed ErrorException: fsockopen(): unable to connect to mn-ssl.de:25 (Connection timed out) in /var/www/html/invoiceTracking/system/Email/Email.php:1891
Stack trace:
#0 [internal function]: CodeIgniter\Debug\Exceptions->errorHandler()
#1 /var/www/html/invoiceTracking/system/Email/Email.php(1891): fsockopen()
#2 /var/www/html/invoiceTracking/system/Email/Email.php(1799): CodeIgniter\Email\Email->SMTPConnect()
#3 /var/www/html/invoiceTracking/system/Email/Email.php(1684): CodeIgniter\Email\Email->sendWithSmtp()
#4 /var/www/html/invoiceTracking/system/Email/Email.php(1578): CodeIgniter\Email\Email->spoolEmail()
#5 /var/www/html/invoiceTracking/app/Controllers/InvoiceTracking/Cli/Bg.php(61): CodeIgniter\Email\Email->send()
#6 /var/www/html/invoiceTracking/system/CodeIgniter.php(942): App\Controllers\InvoiceTracking\Cli\Bg->reminder1()
#7 /var/www/html/invoiceTracking/system/CodeIgniter.php(502): CodeIgniter\CodeIgniter->runController()
#8 /var/www/html/invoiceTracking/system/CodeIgniter.php(361): CodeIgniter\CodeIgniter->handleRequest()
#9 /var/www/html/invoiceTracking/public/index.php(80): CodeIgniter\CodeIgniter->run()
#10 {main}
ERROR - 2024-01-08 11:10:30 --> Email: Unable to send email using SMTP. Your server might not be configured to send mail using this method.
ERROR - 2024-01-08 11:10:30 --> 
INFO - 2024-01-08 11:11:57 --> Session: Class initialized using 'CodeIgniter\Session\Handlers\FileHandler' driver.
ERROR - 2024-01-08 11:11:58 --> Email: sendWithSmtp throwed ErrorException: stream_socket_enable_crypto(): SSL/TLS already set-up for this stream in /var/www/html/invoiceTracking/system/Email/Email.php:1912
Stack trace:
#0 [internal function]: CodeIgniter\Debug\Exceptions->errorHandler()
#1 /var/www/html/invoiceTracking/system/Email/Email.php(1912): stream_socket_enable_crypto()
#2 /var/www/html/invoiceTracking/system/Email/Email.php(1799): CodeIgniter\Email\Email->SMTPConnect()
#3 /var/www/html/invoiceTracking/system/Email/Email.php(1684): CodeIgniter\Email\Email->sendWithSmtp()
#4 /var/www/html/invoiceTracking/system/Email/Email.php(1578): CodeIgniter\Email\Email->spoolEmail()
#5 /var/www/html/invoiceTracking/app/Controllers/InvoiceTracking/Cli/Bg.php(62): CodeIgniter\Email\Email->send()
#6 /var/www/html/invoiceTracking/system/CodeIgniter.php(942): App\Controllers\InvoiceTracking\Cli\Bg->reminder1()
#7 /var/www/html/invoiceTracking/system/CodeIgniter.php(502): CodeIgniter\CodeIgniter->runController()
#8 /var/www/html/invoiceTracking/system/CodeIgniter.php(361): CodeIgniter\CodeIgniter->handleRequest()
#9 /var/www/html/invoiceTracking/public/index.php(80): CodeIgniter\CodeIgniter->run()
#10 {main}
ERROR - 2024-01-08 11:11:58 --> Email: Unable to send email using SMTP. Your server might not be configured to send mail using this method.
ERROR - 2024-01-08 11:11:58 --> 220 mn-ssl.de ESMTP

hello: 250-mn-ssl.de
250-PIPELINING
250-SIZE 104857600
250-ETRN
250-AUTH PLAIN LOGIN CRAM-MD5
250-AUTH=PLAIN LOGIN CRAM-MD5
250-ENHANCEDSTATUSCODES
250-8BITMIME
250 CHUNKING

starttls: 554 5.5.1 Error: TLS already active

The following SMTP error was encountered: 554 5.5.1 Error: TLS already active

INFO - 2024-01-08 11:14:31 --> Session: Class initialized using 'CodeIgniter\Session\Handlers\FileHandler' driver.
INFO - 2024-01-08 11:16:16 --> Session: Class initialized using 'CodeIgniter\Session\Handlers\FileHandler' driver.
ERROR - 2024-01-08 11:16:17 --> Email: sendWithSmtp throwed ErrorException: stream_socket_enable_crypto(): SSL/TLS already set-up for this stream in /var/www/html/invoiceTracking/system/Email/Email.php:1912
Stack trace:
#0 [internal function]: CodeIgniter\Debug\Exceptions->errorHandler()
#1 /var/www/html/invoiceTracking/system/Email/Email.php(1912): stream_socket_enable_crypto()
#2 /var/www/html/invoiceTracking/system/Email/Email.php(1799): CodeIgniter\Email\Email->SMTPConnect()
#3 /var/www/html/invoiceTracking/system/Email/Email.php(1684): CodeIgniter\Email\Email->sendWithSmtp()
#4 /var/www/html/invoiceTracking/system/Email/Email.php(1578): CodeIgniter\Email\Email->spoolEmail()
#5 /var/www/html/invoiceTracking/app/Controllers/InvoiceTracking/Cli/Bg.php(63): CodeIgniter\Email\Email->send()
#6 /var/www/html/invoiceTracking/system/CodeIgniter.php(942): App\Controllers\InvoiceTracking\Cli\Bg->reminder1()
#7 /var/www/html/invoiceTracking/system/CodeIgniter.php(502): CodeIgniter\CodeIgniter->runController()
#8 /var/www/html/invoiceTracking/system/CodeIgniter.php(361): CodeIgniter\CodeIgniter->handleRequest()
#9 /var/www/html/invoiceTracking/public/index.php(80): CodeIgniter\CodeIgniter->run()
#10 {main}
ERROR - 2024-01-08 11:16:17 --> Email: Unable to send email using SMTP. Your server might not be configured to send mail using this method.
ERROR - 2024-01-08 11:16:17 --> 220 mn-ssl.de ESMTP

hello: 250-mn-ssl.de
250-PIPELINING
250-SIZE 104857600
250-ETRN
250-AUTH PLAIN LOGIN CRAM-MD5
250-AUTH=PLAIN LOGIN CRAM-MD5
250-ENHANCEDSTATUSCODES
250-8BITMIME
250 CHUNKING

starttls: 554 5.5.1 Error: TLS already active

The following SMTP error was encountered: 554 5.5.1 Error: TLS already active

INFO - 2024-01-08 12:39:06 --> Session: Class initialized using 'CodeIgniter\Session\Handlers\FileHandler' driver.
CRITICAL - 2024-01-08 12:39:06 --> Class 'App\Libraries\Mailer' not found
in APPPATH/Controllers/InvoiceTracking/Cli/Bg.php on line 44.
 1 SYSTEMPATH/CodeIgniter.php(942): App\Controllers\InvoiceTracking\Cli\Bg->reminder1()
 2 SYSTEMPATH/CodeIgniter.php(502): CodeIgniter\CodeIgniter->runController()
 3 SYSTEMPATH/CodeIgniter.php(361): CodeIgniter\CodeIgniter->handleRequest()
 4 FCPATH/index.php(80): CodeIgniter\CodeIgniter->run()
INFO - 2024-01-08 12:39:25 --> Session: Class initialized using 'CodeIgniter\Session\Handlers\FileHandler' driver.
CRITICAL - 2024-01-08 12:39:25 --> Undefined variable: email
in APPPATH/Controllers/InvoiceTracking/Cli/Bg.php on line 51.
 1 APPPATH/Controllers/InvoiceTracking/Cli/Bg.php(51): CodeIgniter\Debug\Exceptions->errorHandler()
 2 SYSTEMPATH/CodeIgniter.php(942): App\Controllers\InvoiceTracking\Cli\Bg->reminder1()
 3 SYSTEMPATH/CodeIgniter.php(502): CodeIgniter\CodeIgniter->runController()
 4 SYSTEMPATH/CodeIgniter.php(361): CodeIgniter\CodeIgniter->handleRequest()
 5 FCPATH/index.php(80): CodeIgniter\CodeIgniter->run()
INFO - 2024-01-08 12:39:55 --> Session: Class initialized using 'CodeIgniter\Session\Handlers\FileHandler' driver.
ERROR - 2024-01-08 12:39:56 --> Email: sendWithSmtp throwed ErrorException: stream_socket_enable_crypto(): SSL/TLS already set-up for this stream in /var/www/html/invoiceTracking/system/Email/Email.php:1912
Stack trace:
#0 [internal function]: CodeIgniter\Debug\Exceptions->errorHandler()
#1 /var/www/html/invoiceTracking/system/Email/Email.php(1912): stream_socket_enable_crypto()
#2 /var/www/html/invoiceTracking/system/Email/Email.php(1799): CodeIgniter\Email\Email->SMTPConnect()
#3 /var/www/html/invoiceTracking/system/Email/Email.php(1684): CodeIgniter\Email\Email->sendWithSmtp()
#4 /var/www/html/invoiceTracking/system/Email/Email.php(1578): CodeIgniter\Email\Email->spoolEmail()
#5 /var/www/html/invoiceTracking/app/Libraries/Mailer.php(41): CodeIgniter\Email\Email->send()
#6 /var/www/html/invoiceTracking/app/Controllers/InvoiceTracking/Cli/Bg.php(51): App\Libraries\Mailer->send()
#7 /var/www/html/invoiceTracking/system/CodeIgniter.php(942): App\Controllers\InvoiceTracking\Cli\Bg->reminder1()
#8 /var/www/html/invoiceTracking/system/CodeIgniter.php(502): CodeIgniter\CodeIgniter->runController()
#9 /var/www/html/invoiceTracking/system/CodeIgniter.php(361): CodeIgniter\CodeIgniter->handleRequest()
#10 /var/www/html/invoiceTracking/public/index.php(80): CodeIgniter\CodeIgniter->run()
#11 {main}
ERROR - 2024-01-08 12:39:56 --> Email: Unable to send email using SMTP. Your server might not be configured to send mail using this method.
ERROR - 2024-01-08 12:39:56 --> 220 mn-ssl.de ESMTP

hello: 250-mn-ssl.de
250-PIPELINING
250-SIZE 104857600
250-ETRN
250-AUTH PLAIN LOGIN CRAM-MD5
250-AUTH=PLAIN LOGIN CRAM-MD5
250-ENHANCEDSTATUSCODES
250-8BITMIME
250 CHUNKING

starttls: 554 5.5.1 Error: TLS already active

The following SMTP error was encountered: 554 5.5.1 Error: TLS already active

INFO - 2024-01-08 12:41:22 --> Session: Class initialized using 'CodeIgniter\Session\Handlers\FileHandler' driver.
ERROR - 2024-01-08 12:41:23 --> Email: sendWithSmtp throwed ErrorException: stream_socket_enable_crypto(): SSL/TLS already set-up for this stream in /var/www/html/invoiceTracking/system/Email/Email.php:1912
Stack trace:
#0 [internal function]: CodeIgniter\Debug\Exceptions->errorHandler()
#1 /var/www/html/invoiceTracking/system/Email/Email.php(1912): stream_socket_enable_crypto()
#2 /var/www/html/invoiceTracking/system/Email/Email.php(1799): CodeIgniter\Email\Email->SMTPConnect()
#3 /var/www/html/invoiceTracking/system/Email/Email.php(1684): CodeIgniter\Email\Email->sendWithSmtp()
#4 /var/www/html/invoiceTracking/system/Email/Email.php(1578): CodeIgniter\Email\Email->spoolEmail()
#5 /var/www/html/invoiceTracking/app/Libraries/Mailer.php(41): CodeIgniter\Email\Email->send()
#6 /var/www/html/invoiceTracking/app/Controllers/InvoiceTracking/Cli/Bg.php(51): App\Libraries\Mailer->send()
#7 /var/www/html/invoiceTracking/system/CodeIgniter.php(942): App\Controllers\InvoiceTracking\Cli\Bg->reminder1()
#8 /var/www/html/invoiceTracking/system/CodeIgniter.php(502): CodeIgniter\CodeIgniter->runController()
#9 /var/www/html/invoiceTracking/system/CodeIgniter.php(361): CodeIgniter\CodeIgniter->handleRequest()
#10 /var/www/html/invoiceTracking/public/index.php(80): CodeIgniter\CodeIgniter->run()
#11 {main}
ERROR - 2024-01-08 12:41:23 --> Email: Unable to send email using SMTP. Your server might not be configured to send mail using this method.
ERROR - 2024-01-08 12:41:23 --> 220 mn-ssl.de ESMTP

hello: 250-mn-ssl.de
250-PIPELINING
250-SIZE 104857600
250-ETRN
250-AUTH PLAIN LOGIN CRAM-MD5
250-AUTH=PLAIN LOGIN CRAM-MD5
250-ENHANCEDSTATUSCODES
250-8BITMIME
250 CHUNKING

starttls: 554 5.5.1 Error: TLS already active

The following SMTP error was encountered: 554 5.5.1 Error: TLS already active

INFO - 2024-01-08 12:41:40 --> Session: Class initialized using 'CodeIgniter\Session\Handlers\FileHandler' driver.
ERROR - 2024-01-08 12:41:42 --> Email: sendWithSmtp throwed ErrorException: stream_socket_enable_crypto(): SSL/TLS already set-up for this stream in /var/www/html/invoiceTracking/system/Email/Email.php:1912
Stack trace:
#0 [internal function]: CodeIgniter\Debug\Exceptions->errorHandler()
#1 /var/www/html/invoiceTracking/system/Email/Email.php(1912): stream_socket_enable_crypto()
#2 /var/www/html/invoiceTracking/system/Email/Email.php(1799): CodeIgniter\Email\Email->SMTPConnect()
#3 /var/www/html/invoiceTracking/system/Email/Email.php(1684): CodeIgniter\Email\Email->sendWithSmtp()
#4 /var/www/html/invoiceTracking/system/Email/Email.php(1578): CodeIgniter\Email\Email->spoolEmail()
#5 /var/www/html/invoiceTracking/app/Libraries/Mailer.php(41): CodeIgniter\Email\Email->send()
#6 /var/www/html/invoiceTracking/app/Controllers/InvoiceTracking/Cli/Bg.php(52): App\Libraries\Mailer->send()
#7 /var/www/html/invoiceTracking/system/CodeIgniter.php(942): App\Controllers\InvoiceTracking\Cli\Bg->reminder1()
#8 /var/www/html/invoiceTracking/system/CodeIgniter.php(502): CodeIgniter\CodeIgniter->runController()
#9 /var/www/html/invoiceTracking/system/CodeIgniter.php(361): CodeIgniter\CodeIgniter->handleRequest()
#10 /var/www/html/invoiceTracking/public/index.php(80): CodeIgniter\CodeIgniter->run()
#11 {main}
ERROR - 2024-01-08 12:41:42 --> Email: Unable to send email using SMTP. Your server might not be configured to send mail using this method.
ERROR - 2024-01-08 12:41:42 --> 220 mn-ssl.de ESMTP

hello: 250-mn-ssl.de
250-PIPELINING
250-SIZE 104857600
250-ETRN
250-AUTH PLAIN LOGIN CRAM-MD5
250-AUTH=PLAIN LOGIN CRAM-MD5
250-ENHANCEDSTATUSCODES
250-8BITMIME
250 CHUNKING

starttls: 554 5.5.1 Error: TLS already active

The following SMTP error was encountered: 554 5.5.1 Error: TLS already active

INFO - 2024-01-08 12:42:32 --> Session: Class initialized using 'CodeIgniter\Session\Handlers\FileHandler' driver.
ERROR - 2024-01-08 12:42:32 --> Email: sendWithSmtp throwed ErrorException: stream_socket_enable_crypto(): SSL/TLS already set-up for this stream in /var/www/html/invoiceTracking/system/Email/Email.php:1912
Stack trace:
#0 [internal function]: CodeIgniter\Debug\Exceptions->errorHandler()
#1 /var/www/html/invoiceTracking/system/Email/Email.php(1912): stream_socket_enable_crypto()
#2 /var/www/html/invoiceTracking/system/Email/Email.php(1799): CodeIgniter\Email\Email->SMTPConnect()
#3 /var/www/html/invoiceTracking/system/Email/Email.php(1684): CodeIgniter\Email\Email->sendWithSmtp()
#4 /var/www/html/invoiceTracking/system/Email/Email.php(1578): CodeIgniter\Email\Email->spoolEmail()
#5 /var/www/html/invoiceTracking/app/Libraries/Mailer.php(41): CodeIgniter\Email\Email->send()
#6 /var/www/html/invoiceTracking/app/Controllers/InvoiceTracking/Cli/Bg.php(52): App\Libraries\Mailer->send()
#7 /var/www/html/invoiceTracking/system/CodeIgniter.php(942): App\Controllers\InvoiceTracking\Cli\Bg->reminder1()
#8 /var/www/html/invoiceTracking/system/CodeIgniter.php(502): CodeIgniter\CodeIgniter->runController()
#9 /var/www/html/invoiceTracking/system/CodeIgniter.php(361): CodeIgniter\CodeIgniter->handleRequest()
#10 /var/www/html/invoiceTracking/public/index.php(80): CodeIgniter\CodeIgniter->run()
#11 {main}
ERROR - 2024-01-08 12:42:32 --> Email: Unable to send email using SMTP. Your server might not be configured to send mail using this method.
ERROR - 2024-01-08 12:42:32 --> 220 mn-ssl.de ESMTP

hello: 250-mn-ssl.de
250-PIPELINING
250-SIZE 104857600
250-ETRN
250-AUTH PLAIN LOGIN CRAM-MD5
250-AUTH=PLAIN LOGIN CRAM-MD5
250-ENHANCEDSTATUSCODES
250-8BITMIME
250 CHUNKING

starttls: 554 5.5.1 Error: TLS already active

The following SMTP error was encountered: 554 5.5.1 Error: TLS already active

INFO - 2024-01-08 12:43:28 --> Session: Class initialized using 'CodeIgniter\Session\Handlers\FileHandler' driver.
ERROR - 2024-01-08 12:43:29 --> Email: sendWithSmtp throwed ErrorException: stream_socket_enable_crypto(): SSL/TLS already set-up for this stream in /var/www/html/invoiceTracking/system/Email/Email.php:1912
Stack trace:
#0 [internal function]: CodeIgniter\Debug\Exceptions->errorHandler()
#1 /var/www/html/invoiceTracking/system/Email/Email.php(1912): stream_socket_enable_crypto()
#2 /var/www/html/invoiceTracking/system/Email/Email.php(1799): CodeIgniter\Email\Email->SMTPConnect()
#3 /var/www/html/invoiceTracking/system/Email/Email.php(1684): CodeIgniter\Email\Email->sendWithSmtp()
#4 /var/www/html/invoiceTracking/system/Email/Email.php(1578): CodeIgniter\Email\Email->spoolEmail()
#5 /var/www/html/invoiceTracking/app/Libraries/Mailer.php(41): CodeIgniter\Email\Email->send()
#6 /var/www/html/invoiceTracking/app/Controllers/InvoiceTracking/Cli/Bg.php(52): App\Libraries\Mailer->send()
#7 /var/www/html/invoiceTracking/system/CodeIgniter.php(942): App\Controllers\InvoiceTracking\Cli\Bg->reminder1()
#8 /var/www/html/invoiceTracking/system/CodeIgniter.php(502): CodeIgniter\CodeIgniter->runController()
#9 /var/www/html/invoiceTracking/system/CodeIgniter.php(361): CodeIgniter\CodeIgniter->handleRequest()
#10 /var/www/html/invoiceTracking/public/index.php(80): CodeIgniter\CodeIgniter->run()
#11 {main}
ERROR - 2024-01-08 12:43:29 --> Email: Unable to send email using SMTP. Your server might not be configured to send mail using this method.
ERROR - 2024-01-08 12:43:29 --> 220 mn-ssl.de ESMTP

hello: 250-mn-ssl.de
250-PIPELINING
250-SIZE 104857600
250-ETRN
250-AUTH PLAIN LOGIN CRAM-MD5
250-AUTH=PLAIN LOGIN CRAM-MD5
250-ENHANCEDSTATUSCODES
250-8BITMIME
250 CHUNKING

starttls: 554 5.5.1 Error: TLS already active

The following SMTP error was encountered: 554 5.5.1 Error: TLS already active

INFO - 2024-01-08 12:44:50 --> Session: Class initialized using 'CodeIgniter\Session\Handlers\FileHandler' driver.
ERROR - 2024-01-08 12:44:51 --> Email: sendWithSmtp throwed ErrorException: stream_socket_enable_crypto(): SSL/TLS already set-up for this stream in /var/www/html/invoiceTracking/system/Email/Email.php:1912
Stack trace:
#0 [internal function]: CodeIgniter\Debug\Exceptions->errorHandler()
#1 /var/www/html/invoiceTracking/system/Email/Email.php(1912): stream_socket_enable_crypto()
#2 /var/www/html/invoiceTracking/system/Email/Email.php(1799): CodeIgniter\Email\Email->SMTPConnect()
#3 /var/www/html/invoiceTracking/system/Email/Email.php(1684): CodeIgniter\Email\Email->sendWithSmtp()
#4 /var/www/html/invoiceTracking/system/Email/Email.php(1578): CodeIgniter\Email\Email->spoolEmail()
#5 /var/www/html/invoiceTracking/app/Libraries/Mailer.php(41): CodeIgniter\Email\Email->send()
#6 /var/www/html/invoiceTracking/app/Controllers/InvoiceTracking/Cli/Bg.php(52): App\Libraries\Mailer->send()
#7 /var/www/html/invoiceTracking/system/CodeIgniter.php(942): App\Controllers\InvoiceTracking\Cli\Bg->reminder1()
#8 /var/www/html/invoiceTracking/system/CodeIgniter.php(502): CodeIgniter\CodeIgniter->runController()
#9 /var/www/html/invoiceTracking/system/CodeIgniter.php(361): CodeIgniter\CodeIgniter->handleRequest()
#10 /var/www/html/invoiceTracking/public/index.php(80): CodeIgniter\CodeIgniter->run()
#11 {main}
ERROR - 2024-01-08 12:44:51 --> Email: Unable to send email using SMTP. Your server might not be configured to send mail using this method.
ERROR - 2024-01-08 12:44:51 --> 220 mn-ssl.de ESMTP

hello: 250-mn-ssl.de
250-PIPELINING
250-SIZE 104857600
250-ETRN
250-AUTH PLAIN LOGIN CRAM-MD5
250-AUTH=PLAIN LOGIN CRAM-MD5
250-ENHANCEDSTATUSCODES
250-8BITMIME
250 CHUNKING

starttls: 554 5.5.1 Error: TLS already active

The following SMTP error was encountered: 554 5.5.1 Error: TLS already active

INFO - 2024-01-08 12:45:31 --> Session: Class initialized using 'CodeIgniter\Session\Handlers\FileHandler' driver.
ERROR - 2024-01-08 12:45:32 --> Email: sendWithSmtp throwed ErrorException: stream_socket_enable_crypto(): SSL/TLS already set-up for this stream in /var/www/html/invoiceTracking/system/Email/Email.php:1912
Stack trace:
#0 [internal function]: CodeIgniter\Debug\Exceptions->errorHandler()
#1 /var/www/html/invoiceTracking/system/Email/Email.php(1912): stream_socket_enable_crypto()
#2 /var/www/html/invoiceTracking/system/Email/Email.php(1799): CodeIgniter\Email\Email->SMTPConnect()
#3 /var/www/html/invoiceTracking/system/Email/Email.php(1684): CodeIgniter\Email\Email->sendWithSmtp()
#4 /var/www/html/invoiceTracking/system/Email/Email.php(1578): CodeIgniter\Email\Email->spoolEmail()
#5 /var/www/html/invoiceTracking/app/Libraries/Mailer.php(41): CodeIgniter\Email\Email->send()
#6 /var/www/html/invoiceTracking/app/Controllers/InvoiceTracking/Cli/Bg.php(52): App\Libraries\Mailer->send()
#7 /var/www/html/invoiceTracking/system/CodeIgniter.php(942): App\Controllers\InvoiceTracking\Cli\Bg->reminder1()
#8 /var/www/html/invoiceTracking/system/CodeIgniter.php(502): CodeIgniter\CodeIgniter->runController()
#9 /var/www/html/invoiceTracking/system/CodeIgniter.php(361): CodeIgniter\CodeIgniter->handleRequest()
#10 /var/www/html/invoiceTracking/public/index.php(80): CodeIgniter\CodeIgniter->run()
#11 {main}
ERROR - 2024-01-08 12:45:32 --> Email: Unable to send email using SMTP. Your server might not be configured to send mail using this method.
ERROR - 2024-01-08 12:45:32 --> 220 mn-ssl.de ESMTP

hello: 250-mn-ssl.de
250-PIPELINING
250-SIZE 104857600
250-ETRN
250-AUTH PLAIN LOGIN CRAM-MD5
250-AUTH=PLAIN LOGIN CRAM-MD5
250-ENHANCEDSTATUSCODES
250-8BITMIME
250 CHUNKING

starttls: 554 5.5.1 Error: TLS already active

The following SMTP error was encountered: 554 5.5.1 Error: TLS already active

INFO - 2024-01-08 12:46:03 --> Session: Class initialized using 'CodeIgniter\Session\Handlers\FileHandler' driver.
INFO - 2024-01-08 13:43:53 --> Session: Class initialized using 'CodeIgniter\Session\Handlers\FileHandler' driver.
INFO - 2024-01-08 13:43:53 --> Session: Class initialized using 'CodeIgniter\Session\Handlers\FileHandler' driver.
INFO - 2024-01-08 13:43:55 --> Session: Class initialized using 'CodeIgniter\Session\Handlers\FileHandler' driver.
INFO - 2024-01-08 13:43:55 --> Session: Class initialized using 'CodeIgniter\Session\Handlers\FileHandler' driver.
INFO - 2024-01-08 13:44:42 --> Session: Class initialized using 'CodeIgniter\Session\Handlers\FileHandler' driver.
INFO - 2024-01-08 13:44:45 --> Session: Class initialized using 'CodeIgniter\Session\Handlers\FileHandler' driver.
INFO - 2024-01-08 13:44:47 --> Session: Class initialized using 'CodeIgniter\Session\Handlers\FileHandler' driver.
INFO - 2024-01-08 13:44:57 --> Session: Class initialized using 'CodeIgniter\Session\Handlers\FileHandler' driver.
INFO - 2024-01-08 13:45:02 --> Session: Class initialized using 'CodeIgniter\Session\Handlers\FileHandler' driver.
INFO - 2024-01-08 13:45:10 --> Session: Class initialized using 'CodeIgniter\Session\Handlers\FileHandler' driver.
INFO - 2024-01-08 13:45:25 --> Session: Class initialized using 'CodeIgniter\Session\Handlers\FileHandler' driver.
INFO - 2024-01-08 13:45:28 --> Session: Class initialized using 'CodeIgniter\Session\Handlers\FileHandler' driver.
INFO - 2024-01-08 13:45:33 --> Session: Class initialized using 'CodeIgniter\Session\Handlers\FileHandler' driver.
INFO - 2024-01-08 13:45:51 --> Session: Class initialized using 'CodeIgniter\Session\Handlers\FileHandler' driver.
INFO - 2024-01-08 13:45:53 --> Session: Class initialized using 'CodeIgniter\Session\Handlers\FileHandler' driver.
INFO - 2024-01-08 13:45:55 --> Session: Class initialized using 'CodeIgniter\Session\Handlers\FileHandler' driver.
